[0.039s] Invoking command in '/home/tanmay/autonomy_ws/build/autonomy_repo': CMAKE_PREFIX_PATH=${CMAKE_PREFIX_PATH}:/opt/ros/humble /usr/bin/cmake /home/tanmay/autonomy_ws/src/autonomy_repo -DAMENT_CMAKE_SYMLINK_INSTALL=1 -DCMAKE_INSTALL_PREFIX=/home/tanmay/autonomy_ws/install/autonomy_repo
[0.134s] -- The C compiler identification is GNU 11.4.0
[0.194s] -- The CXX compiler identification is GNU 11.4.0
[0.201s] -- Detecting C compiler ABI info
[0.255s] -- Detecting C compiler ABI info - done
[0.260s] -- Check for working C compiler: /usr/bin/cc - skipped
[0.260s] -- Detecting C compile features
[0.261s] -- Detecting C compile features - done
[0.264s] -- Detecting CXX compiler ABI info
[0.321s] -- Detecting CXX compiler ABI info - done
[0.326s] -- Check for working CXX compiler: /usr/bin/c++ - skipped
[0.326s] -- Detecting CXX compile features
[0.326s] -- Detecting CXX compile features - done
[0.333s] -- Found ament_cmake: 1.3.5 (/opt/ros/humble/share/ament_cmake/cmake)
[0.441s] -- Found Python3: /usr/bin/python3.10 (found version "3.10.12") found components: Interpreter 
[0.481s] -- Override CMake install command with custom implementation using symlinks instead of copying resources
[0.512s] -- Found ament_lint_auto: 0.12.8 (/opt/ros/humble/share/ament_lint_auto/cmake)
[0.564s] -- Added test 'flake8' to check Python code syntax and style conventions
[0.565s] -- Added test 'lint_cmake' to check CMake code style
[0.566s] -- Added test 'pep257' to check Python code against some of the docstring style conventions in PEP 257
[0.566s] -- Added test 'xmllint' to check XML markup files
[0.568s] -- Configuring done
[0.569s] -- Generating done
[0.570s] -- Build files have been written to: /home/tanmay/autonomy_ws/build/autonomy_repo
[0.572s] Invoked command in '/home/tanmay/autonomy_ws/build/autonomy_repo' returned '0': CMAKE_PREFIX_PATH=${CMAKE_PREFIX_PATH}:/opt/ros/humble /usr/bin/cmake /home/tanmay/autonomy_ws/src/autonomy_repo -DAMENT_CMAKE_SYMLINK_INSTALL=1 -DCMAKE_INSTALL_PREFIX=/home/tanmay/autonomy_ws/install/autonomy_repo
[0.573s] Invoking command in '/home/tanmay/autonomy_ws/build/autonomy_repo': CMAKE_PREFIX_PATH=${CMAKE_PREFIX_PATH}:/opt/ros/humble /usr/bin/cmake --build /home/tanmay/autonomy_ws/build/autonomy_repo -- -j4 -l4
[0.603s] Invoked command in '/home/tanmay/autonomy_ws/build/autonomy_repo' returned '0': CMAKE_PREFIX_PATH=${CMAKE_PREFIX_PATH}:/opt/ros/humble /usr/bin/cmake --build /home/tanmay/autonomy_ws/build/autonomy_repo -- -j4 -l4
[0.625s] Invoking command in '/home/tanmay/autonomy_ws/build/autonomy_repo': CMAKE_PREFIX_PATH=${CMAKE_PREFIX_PATH}:/opt/ros/humble /usr/bin/cmake --install /home/tanmay/autonomy_ws/build/autonomy_repo
[0.631s] -- Install configuration: ""
[0.631s] -- Execute custom install script
[0.631s] -- Symlinking: /home/tanmay/autonomy_ws/install/autonomy_repo/lib/autonomy_repo/heading_controller.py
[0.639s] -- Symlinking: /home/tanmay/autonomy_ws/install/autonomy_repo/lib/autonomy_repo/p3_plot.py
[0.646s] -- Symlinking: /home/tanmay/autonomy_ws/install/autonomy_repo/share/autonomy_repo/launch/heading_control.launch.py
[0.653s] -- Symlinking: /home/tanmay/autonomy_ws/install/autonomy_repo/share/autonomy_repo/rviz/default.rviz
[0.660s] -- Symlinking: /home/tanmay/autonomy_ws/install/autonomy_repo/share/ament_index/resource_index/package_run_dependencies/autonomy_repo
[0.666s] -- Symlinking: /home/tanmay/autonomy_ws/install/autonomy_repo/share/ament_index/resource_index/parent_prefix_path/autonomy_repo
[0.672s] -- Symlinking: /home/tanmay/autonomy_ws/install/autonomy_repo/share/autonomy_repo/environment/ament_prefix_path.sh
[0.678s] -- Symlinking: /home/tanmay/autonomy_ws/install/autonomy_repo/share/autonomy_repo/environment/ament_prefix_path.dsv
[0.685s] -- Symlinking: /home/tanmay/autonomy_ws/install/autonomy_repo/share/autonomy_repo/environment/path.sh
[0.691s] -- Symlinking: /home/tanmay/autonomy_ws/install/autonomy_repo/share/autonomy_repo/environment/path.dsv
[0.698s] -- Symlinking: /home/tanmay/autonomy_ws/install/autonomy_repo/share/autonomy_repo/local_setup.bash
[0.704s] -- Symlinking: /home/tanmay/autonomy_ws/install/autonomy_repo/share/autonomy_repo/local_setup.sh
[0.710s] -- Symlinking: /home/tanmay/autonomy_ws/install/autonomy_repo/share/autonomy_repo/local_setup.zsh
[0.716s] -- Symlinking: /home/tanmay/autonomy_ws/install/autonomy_repo/share/autonomy_repo/local_setup.dsv
[0.723s] -- Symlinking: /home/tanmay/autonomy_ws/install/autonomy_repo/share/autonomy_repo/package.dsv
[0.730s] -- Symlinking: /home/tanmay/autonomy_ws/install/autonomy_repo/share/ament_index/resource_index/packages/autonomy_repo
[0.737s] -- Symlinking: /home/tanmay/autonomy_ws/install/autonomy_repo/share/autonomy_repo/cmake/autonomy_repoConfig.cmake
[0.744s] -- Symlinking: /home/tanmay/autonomy_ws/install/autonomy_repo/share/autonomy_repo/cmake/autonomy_repoConfig-version.cmake
[0.751s] -- Symlinking: /home/tanmay/autonomy_ws/install/autonomy_repo/share/autonomy_repo/package.xml
[0.759s] Invoked command in '/home/tanmay/autonomy_ws/build/autonomy_repo' returned '0': CMAKE_PREFIX_PATH=${CMAKE_PREFIX_PATH}:/opt/ros/humble /usr/bin/cmake --install /home/tanmay/autonomy_ws/build/autonomy_repo
