[0.791s] DEBUG:colcon:Command line arguments: ['/usr/bin/colcon', 'build']
[0.792s] DEBUG:colcon:Parsed command line arguments: Namespace(log_base=None, log_level=None, verb_name='build', build_base='build', install_base='install', merge_install=False, symlink_install=False, test_result_base=None, continue_on_error=False, executor='parallel', parallel_workers=4, event_handlers=None, ignore_user_meta=False, metas=['./colcon.meta'], base_paths=['.'], packages_ignore=None, packages_ignore_regex=None, paths=None, packages_up_to=None, packages_up_to_regex=None, packages_above=None, packages_above_and_dependencies=None, packages_above_depth=None, packages_select_by_dep=None, packages_skip_by_dep=None, packages_skip_up_to=None, packages_select_build_failed=False, packages_skip_build_finished=False, packages_select_test_failures=False, packages_skip_test_passed=False, packages_select=None, packages_skip=None, packages_select_regex=None, packages_skip_regex=None, packages_start=None, packages_end=None, allow_overriding=[], cmake_args=None, cmake_target=None, cmake_target_skip_unavailable=False, cmake_clean_cache=False, cmake_clean_first=False, cmake_force_configure=False, ament_cmake_args=None, catkin_cmake_args=None, catkin_skip_building_tests=False, verb_parser=<colcon_defaults.argument_parser.defaults.DefaultArgumentsDecorator object at 0xffff7db46440>, verb_extension=<colcon_core.verb.build.BuildVerb object at 0xffff7db45a80>, main=<bound method BuildVerb.main of <colcon_core.verb.build.BuildVerb object at 0xffff7db45a80>>)
[0.838s] Level 1:colcon.colcon_core.package_discovery:discover_packages(colcon_meta) check parameters
[0.838s] Level 1:colcon.colcon_core.package_discovery:discover_packages(recursive) check parameters
[0.838s] Level 1:colcon.colcon_core.package_discovery:discover_packages(ignore) check parameters
[0.838s] Level 1:colcon.colcon_core.package_discovery:discover_packages(path) check parameters
[0.838s] Level 1:colcon.colcon_core.package_discovery:discover_packages(colcon_meta) discover
[0.838s] Level 1:colcon.colcon_core.package_discovery:discover_packages(recursive) discover
[0.838s] INFO:colcon.colcon_core.package_discovery:Crawling recursively for packages in '/home/tanmay/autonomy_ws'
[0.838s] Level 1:colcon.colcon_core.package_identification:_identify(.) by extensions ['ignore', 'ignore_ament_install']
[0.838s] Level 1:colcon.colcon_core.package_identification:_identify(.) by extension 'ignore'
[0.838s] Level 1:colcon.colcon_core.package_identification:_identify(.) by extension 'ignore_ament_install'
[0.838s] Level 1:colcon.colcon_core.package_identification:_identify(.) by extensions ['colcon_pkg']
[0.838s] Level 1:colcon.colcon_core.package_identification:_identify(.) by extension 'colcon_pkg'
[0.838s] Level 1:colcon.colcon_core.package_identification:_identify(.) by extensions ['colcon_meta']
[0.838s] Level 1:colcon.colcon_core.package_identification:_identify(.) by extension 'colcon_meta'
[0.838s] Level 1:colcon.colcon_core.package_identification:_identify(.) by extensions ['ros']
[0.838s] Level 1:colcon.colcon_core.package_identification:_identify(.) by extension 'ros'
[0.850s] Level 1:colcon.colcon_core.package_identification:_identify(.) by extensions ['cmake', 'python']
[0.850s] Level 1:colcon.colcon_core.package_identification:_identify(.) by extension 'cmake'
[0.850s] Level 1:colcon.colcon_core.package_identification:_identify(.) by extension 'python'
[0.850s] Level 1:colcon.colcon_core.package_identification:_identify(.) by extensions ['python_setup_py']
[0.850s] Level 1:colcon.colcon_core.package_identification:_identify(.) by extension 'python_setup_py'
[0.850s] Level 1:colcon.colcon_core.package_identification:_identify(build) by extensions ['ignore', 'ignore_ament_install']
[0.850s] Level 1:colcon.colcon_core.package_identification:_identify(build) by extension 'ignore'
[0.850s] Level 1:colcon.colcon_core.package_identification:_identify(build) ignored
[0.850s] Level 1:colcon.colcon_core.package_identification:_identify(install) by extensions ['ignore', 'ignore_ament_install']
[0.851s] Level 1:colcon.colcon_core.package_identification:_identify(install) by extension 'ignore'
[0.851s] Level 1:colcon.colcon_core.package_identification:_identify(install) ignored
[0.851s] Level 1:colcon.colcon_core.package_identification:_identify(log) by extensions ['ignore', 'ignore_ament_install']
[0.851s] Level 1:colcon.colcon_core.package_identification:_identify(log) by extension 'ignore'
[0.851s] Level 1:colcon.colcon_core.package_identification:_identify(log) ignored
[0.851s] Level 1:colcon.colcon_core.package_identification:_identify(src) by extensions ['ignore', 'ignore_ament_install']
[0.851s] Level 1:colcon.colcon_core.package_identification:_identify(src) by extension 'ignore'
[0.851s] Level 1:colcon.colcon_core.package_identification:_identify(src) by extension 'ignore_ament_install'
[0.851s] Level 1:colcon.colcon_core.package_identification:_identify(src) by extensions ['colcon_pkg']
[0.851s] Level 1:colcon.colcon_core.package_identification:_identify(src) by extension 'colcon_pkg'
[0.851s] Level 1:colcon.colcon_core.package_identification:_identify(src) by extensions ['colcon_meta']
[0.851s] Level 1:colcon.colcon_core.package_identification:_identify(src) by extension 'colcon_meta'
[0.851s] Level 1:colcon.colcon_core.package_identification:_identify(src) by extensions ['ros']
[0.851s] Level 1:colcon.colcon_core.package_identification:_identify(src) by extension 'ros'
[0.851s] Level 1:colcon.colcon_core.package_identification:_identify(src) by extensions ['cmake', 'python']
[0.851s] Level 1:colcon.colcon_core.package_identification:_identify(src) by extension 'cmake'
[0.851s] Level 1:colcon.colcon_core.package_identification:_identify(src) by extension 'python'
[0.851s] Level 1:colcon.colcon_core.package_identification:_identify(src) by extensions ['python_setup_py']
[0.851s] Level 1:colcon.colcon_core.package_identification:_identify(src) by extension 'python_setup_py'
[0.851s] Level 1:colcon.colcon_core.package_identification:_identify(src/autonomy_repo) by extensions ['ignore', 'ignore_ament_install']
[0.851s] Level 1:colcon.colcon_core.package_identification:_identify(src/autonomy_repo) by extension 'ignore'
[0.851s] Level 1:colcon.colcon_core.package_identification:_identify(src/autonomy_repo) by extension 'ignore_ament_install'
[0.851s] Level 1:colcon.colcon_core.package_identification:_identify(src/autonomy_repo) by extensions ['colcon_pkg']
[0.851s] Level 1:colcon.colcon_core.package_identification:_identify(src/autonomy_repo) by extension 'colcon_pkg'
[0.851s] Level 1:colcon.colcon_core.package_identification:_identify(src/autonomy_repo) by extensions ['colcon_meta']
[0.851s] Level 1:colcon.colcon_core.package_identification:_identify(src/autonomy_repo) by extension 'colcon_meta'
[0.852s] Level 1:colcon.colcon_core.package_identification:_identify(src/autonomy_repo) by extensions ['ros']
[0.852s] Level 1:colcon.colcon_core.package_identification:_identify(src/autonomy_repo) by extension 'ros'
[0.854s] DEBUG:colcon.colcon_core.package_identification:Package 'src/autonomy_repo' with type 'ros.ament_cmake' and name 'autonomy_repo'
[0.854s] Level 1:colcon.colcon_core.package_discovery:discover_packages(recursive) using defaults
[0.854s] Level 1:colcon.colcon_core.package_discovery:discover_packages(ignore) discover
[0.854s] Level 1:colcon.colcon_core.package_discovery:discover_packages(ignore) using defaults
[0.854s] Level 1:colcon.colcon_core.package_discovery:discover_packages(path) discover
[0.854s] Level 1:colcon.colcon_core.package_discovery:discover_packages(path) using defaults
[0.921s] Level 1:colcon.colcon_core.package_discovery:discover_packages(prefix_path) check parameters
[0.921s] Level 1:colcon.colcon_core.package_discovery:discover_packages(prefix_path) discover
[0.930s] WARNING:colcon.colcon_ros.prefix_path.ament:The path '/home/tanmay/autonomy_ws/install/s2_basic' in the environment variable AMENT_PREFIX_PATH doesn't exist
[0.931s] WARNING:colcon.colcon_ros.prefix_path.catkin:The path '/home/tanmay/autonomy_ws/install/s2_basic' in the environment variable CMAKE_PREFIX_PATH doesn't exist
[0.940s] DEBUG:colcon.colcon_installed_package_information.package_discovery:Found 0 installed packages in /home/tanmay/autonomy_ws/install
[0.950s] DEBUG:colcon.colcon_installed_package_information.package_discovery:Found 17 installed packages in /home/tanmay/tb_ws/install
[0.960s] DEBUG:colcon.colcon_installed_package_information.package_discovery:Found 234 installed packages in /opt/ros/humble
[0.961s] Level 1:colcon.colcon_core.package_discovery:discover_packages(prefix_path) using defaults
[1.041s] Level 5:colcon.colcon_core.verb:set package 'autonomy_repo' build argument 'cmake_args' from command line to 'None'
[1.041s] Level 5:colcon.colcon_core.verb:set package 'autonomy_repo' build argument 'cmake_target' from command line to 'None'
[1.041s] Level 5:colcon.colcon_core.verb:set package 'autonomy_repo' build argument 'cmake_target_skip_unavailable' from command line to 'False'
[1.041s] Level 5:colcon.colcon_core.verb:set package 'autonomy_repo' build argument 'cmake_clean_cache' from command line to 'False'
[1.041s] Level 5:colcon.colcon_core.verb:set package 'autonomy_repo' build argument 'cmake_clean_first' from command line to 'False'
[1.041s] Level 5:colcon.colcon_core.verb:set package 'autonomy_repo' build argument 'cmake_force_configure' from command line to 'False'
[1.041s] Level 5:colcon.colcon_core.verb:set package 'autonomy_repo' build argument 'ament_cmake_args' from command line to 'None'
[1.041s] Level 5:colcon.colcon_core.verb:set package 'autonomy_repo' build argument 'catkin_cmake_args' from command line to 'None'
[1.041s] Level 5:colcon.colcon_core.verb:set package 'autonomy_repo' build argument 'catkin_skip_building_tests' from command line to 'False'
[1.041s] DEBUG:colcon.colcon_core.verb:Building package 'autonomy_repo' with the following arguments: {'ament_cmake_args': None, 'build_base': '/home/tanmay/autonomy_ws/build/autonomy_repo', 'catkin_cmake_args': None, 'catkin_skip_building_tests': False, 'cmake_args': None, 'cmake_clean_cache': False, 'cmake_clean_first': False, 'cmake_force_configure': False, 'cmake_target': None, 'cmake_target_skip_unavailable': False, 'install_base': '/home/tanmay/autonomy_ws/install/autonomy_repo', 'merge_install': False, 'path': '/home/tanmay/autonomy_ws/src/autonomy_repo', 'symlink_install': False, 'test_result_base': None}
[1.049s] INFO:colcon.colcon_core.executor:Executing jobs using 'parallel' executor
[1.058s] DEBUG:colcon.colcon_parallel_executor.executor.parallel:run_until_complete
[1.058s] INFO:colcon.colcon_ros.task.ament_cmake.build:Building ROS package in '/home/tanmay/autonomy_ws/src/autonomy_repo' with build type 'ament_cmake'
[1.059s] INFO:colcon.colcon_cmake.task.cmake.build:Building CMake package in '/home/tanmay/autonomy_ws/src/autonomy_repo'
[1.073s] INFO:colcon.colcon_core.plugin_system:Skipping extension 'colcon_core.shell.bat': Not used on non-Windows systems
[1.074s] INFO:colcon.colcon_core.shell:Skip shell extension 'powershell' for command environment: Not usable outside of PowerShell
[1.074s] DEBUG:colcon.colcon_core.shell:Skip shell extension 'dsv' for command environment
[1.116s] DEBUG:colcon.colcon_core.event_handler.log_command:Invoking command in '/home/tanmay/autonomy_ws/build/autonomy_repo': CMAKE_PREFIX_PATH=${CMAKE_PREFIX_PATH}:/opt/ros/humble /usr/bin/cmake /home/tanmay/autonomy_ws/src/autonomy_repo -DCMAKE_INSTALL_PREFIX=/home/tanmay/autonomy_ws/install/autonomy_repo
[1.941s] DEBUG:colcon.colcon_core.event_handler.log_command:Invoked command in '/home/tanmay/autonomy_ws/build/autonomy_repo' returned '0': CMAKE_PREFIX_PATH=${CMAKE_PREFIX_PATH}:/opt/ros/humble /usr/bin/cmake /home/tanmay/autonomy_ws/src/autonomy_repo -DCMAKE_INSTALL_PREFIX=/home/tanmay/autonomy_ws/install/autonomy_repo
[1.942s] DEBUG:colcon.colcon_core.event_handler.log_command:Invoking command in '/home/tanmay/autonomy_ws/build/autonomy_repo': CMAKE_PREFIX_PATH=${CMAKE_PREFIX_PATH}:/opt/ros/humble /usr/bin/cmake --build /home/tanmay/autonomy_ws/build/autonomy_repo -- -j4 -l4
[1.987s] DEBUG:colcon.colcon_core.event_handler.log_command:Invoked command in '/home/tanmay/autonomy_ws/build/autonomy_repo' returned '0': CMAKE_PREFIX_PATH=${CMAKE_PREFIX_PATH}:/opt/ros/humble /usr/bin/cmake --build /home/tanmay/autonomy_ws/build/autonomy_repo -- -j4 -l4
[2.026s] DEBUG:colcon.colcon_core.event_handler.log_command:Invoking command in '/home/tanmay/autonomy_ws/build/autonomy_repo': CMAKE_PREFIX_PATH=${CMAKE_PREFIX_PATH}:/opt/ros/humble /usr/bin/cmake --install /home/tanmay/autonomy_ws/build/autonomy_repo
[2.039s] Level 1:colcon.colcon_core.environment:create_environment_scripts_only(autonomy_repo)
[2.039s] DEBUG:colcon.colcon_core.event_handler.log_command:Invoked command in '/home/tanmay/autonomy_ws/build/autonomy_repo' returned '0': CMAKE_PREFIX_PATH=${CMAKE_PREFIX_PATH}:/opt/ros/humble /usr/bin/cmake --install /home/tanmay/autonomy_ws/build/autonomy_repo
[2.053s] Level 1:colcon.colcon_core.environment:checking '/home/tanmay/autonomy_ws/install/autonomy_repo' for CMake module files
[2.054s] Level 1:colcon.colcon_core.environment:checking '/home/tanmay/autonomy_ws/install/autonomy_repo' for CMake config files
[2.054s] Level 1:colcon.colcon_core.shell:create_environment_hook('autonomy_repo', 'cmake_prefix_path')
[2.063s] INFO:colcon.colcon_core.shell:Creating environment hook '/home/tanmay/autonomy_ws/install/autonomy_repo/share/autonomy_repo/hook/cmake_prefix_path.ps1'
[2.064s] INFO:colcon.colcon_core.shell:Creating environment descriptor '/home/tanmay/autonomy_ws/install/autonomy_repo/share/autonomy_repo/hook/cmake_prefix_path.dsv'
[2.064s] INFO:colcon.colcon_core.shell:Creating environment hook '/home/tanmay/autonomy_ws/install/autonomy_repo/share/autonomy_repo/hook/cmake_prefix_path.sh'
[2.065s] Level 1:colcon.colcon_core.environment:checking '/home/tanmay/autonomy_ws/install/autonomy_repo/lib'
[2.065s] Level 1:colcon.colcon_core.environment:checking '/home/tanmay/autonomy_ws/install/autonomy_repo/bin'
[2.065s] Level 1:colcon.colcon_core.environment:checking '/home/tanmay/autonomy_ws/install/autonomy_repo/lib/pkgconfig/autonomy_repo.pc'
[2.066s] Level 1:colcon.colcon_core.environment:checking '/home/tanmay/autonomy_ws/install/autonomy_repo/lib/python3.10/site-packages'
[2.066s] Level 1:colcon.colcon_core.environment:checking '/home/tanmay/autonomy_ws/install/autonomy_repo/bin'
[2.074s] INFO:colcon.colcon_core.shell:Creating package script '/home/tanmay/autonomy_ws/install/autonomy_repo/share/autonomy_repo/package.ps1'
[2.075s] INFO:colcon.colcon_core.shell:Creating package descriptor '/home/tanmay/autonomy_ws/install/autonomy_repo/share/autonomy_repo/package.dsv'
[2.076s] INFO:colcon.colcon_core.shell:Creating package script '/home/tanmay/autonomy_ws/install/autonomy_repo/share/autonomy_repo/package.sh'
[2.076s] INFO:colcon.colcon_core.shell:Creating package script '/home/tanmay/autonomy_ws/install/autonomy_repo/share/autonomy_repo/package.bash'
[2.077s] INFO:colcon.colcon_core.shell:Creating package script '/home/tanmay/autonomy_ws/install/autonomy_repo/share/autonomy_repo/package.zsh'
[2.078s] Level 1:colcon.colcon_core.environment:create_file_with_runtime_dependencies(/home/tanmay/autonomy_ws/install/autonomy_repo/share/colcon-core/packages/autonomy_repo)
[2.114s] Level 1:colcon.colcon_core.environment:create_environment_scripts_only(autonomy_repo)
[2.123s] Level 1:colcon.colcon_core.environment:checking '/home/tanmay/autonomy_ws/install/autonomy_repo' for CMake module files
[2.123s] Level 1:colcon.colcon_core.environment:checking '/home/tanmay/autonomy_ws/install/autonomy_repo' for CMake config files
[2.123s] Level 1:colcon.colcon_core.shell:create_environment_hook('autonomy_repo', 'cmake_prefix_path')
[2.132s] INFO:colcon.colcon_core.shell:Creating environment hook '/home/tanmay/autonomy_ws/install/autonomy_repo/share/autonomy_repo/hook/cmake_prefix_path.ps1'
[2.132s] INFO:colcon.colcon_core.shell:Creating environment descriptor '/home/tanmay/autonomy_ws/install/autonomy_repo/share/autonomy_repo/hook/cmake_prefix_path.dsv'
[2.132s] INFO:colcon.colcon_core.shell:Creating environment hook '/home/tanmay/autonomy_ws/install/autonomy_repo/share/autonomy_repo/hook/cmake_prefix_path.sh'
[2.133s] Level 1:colcon.colcon_core.environment:checking '/home/tanmay/autonomy_ws/install/autonomy_repo/lib'
[2.133s] Level 1:colcon.colcon_core.environment:checking '/home/tanmay/autonomy_ws/install/autonomy_repo/bin'
[2.133s] Level 1:colcon.colcon_core.environment:checking '/home/tanmay/autonomy_ws/install/autonomy_repo/lib/pkgconfig/autonomy_repo.pc'
[2.133s] Level 1:colcon.colcon_core.environment:checking '/home/tanmay/autonomy_ws/install/autonomy_repo/lib/python3.10/site-packages'
[2.133s] Level 1:colcon.colcon_core.environment:checking '/home/tanmay/autonomy_ws/install/autonomy_repo/bin'
[2.141s] INFO:colcon.colcon_core.shell:Creating package script '/home/tanmay/autonomy_ws/install/autonomy_repo/share/autonomy_repo/package.ps1'
[2.142s] INFO:colcon.colcon_core.shell:Creating package descriptor '/home/tanmay/autonomy_ws/install/autonomy_repo/share/autonomy_repo/package.dsv'
[2.142s] INFO:colcon.colcon_core.shell:Creating package script '/home/tanmay/autonomy_ws/install/autonomy_repo/share/autonomy_repo/package.sh'
[2.142s] INFO:colcon.colcon_core.shell:Creating package script '/home/tanmay/autonomy_ws/install/autonomy_repo/share/autonomy_repo/package.bash'
[2.143s] INFO:colcon.colcon_core.shell:Creating package script '/home/tanmay/autonomy_ws/install/autonomy_repo/share/autonomy_repo/package.zsh'
[2.143s] Level 1:colcon.colcon_core.environment:create_file_with_runtime_dependencies(/home/tanmay/autonomy_ws/install/autonomy_repo/share/colcon-core/packages/autonomy_repo)
[2.143s] DEBUG:colcon.colcon_parallel_executor.executor.parallel:closing loop
[2.143s] DEBUG:colcon.colcon_parallel_executor.executor.parallel:loop closed
[2.143s] DEBUG:colcon.colcon_parallel_executor.executor.parallel:run_until_complete finished with '0'
[2.143s] DEBUG:colcon.colcon_core.event_reactor:joining thread
[2.157s] INFO:colcon.colcon_core.plugin_system:Skipping extension 'colcon_notification.desktop_notification.terminal_notifier': Not used on non-Darwin systems
[2.157s] INFO:colcon.colcon_core.plugin_system:Skipping extension 'colcon_notification.desktop_notification.win32': Not used on non-Windows systems
[2.157s] INFO:colcon.colcon_notification.desktop_notification:Sending desktop notification using 'notify2'
[2.177s] DEBUG:colcon.colcon_core.event_reactor:joined thread
[2.186s] INFO:colcon.colcon_core.shell:Creating prefix script '/home/tanmay/autonomy_ws/install/local_setup.ps1'
[2.190s] INFO:colcon.colcon_core.shell:Creating prefix util module '/home/tanmay/autonomy_ws/install/_local_setup_util_ps1.py'
[2.192s] INFO:colcon.colcon_core.shell:Creating prefix chain script '/home/tanmay/autonomy_ws/install/setup.ps1'
[2.205s] INFO:colcon.colcon_core.shell:Creating prefix script '/home/tanmay/autonomy_ws/install/local_setup.sh'
[2.207s] INFO:colcon.colcon_core.shell:Creating prefix util module '/home/tanmay/autonomy_ws/install/_local_setup_util_sh.py'
[2.207s] INFO:colcon.colcon_core.shell:Creating prefix chain script '/home/tanmay/autonomy_ws/install/setup.sh'
[2.217s] INFO:colcon.colcon_core.shell:Creating prefix script '/home/tanmay/autonomy_ws/install/local_setup.bash'
[2.218s] INFO:colcon.colcon_core.shell:Creating prefix chain script '/home/tanmay/autonomy_ws/install/setup.bash'
[2.228s] INFO:colcon.colcon_core.shell:Creating prefix script '/home/tanmay/autonomy_ws/install/local_setup.zsh'
[2.229s] INFO:colcon.colcon_core.shell:Creating prefix chain script '/home/tanmay/autonomy_ws/install/setup.zsh'
