[0.056s] Invoking command in '/home/tanmay/autonomy_ws/build/autonomy_repo': CMAKE_PREFIX_PATH=${CMAKE_PREFIX_PATH}:/opt/ros/humble /usr/bin/cmake /home/tanmay/autonomy_ws/src/autonomy_repo -DAMENT_CMAKE_SYMLINK_INSTALL=1 -DCMAKE_INSTALL_PREFIX=/home/tanmay/autonomy_ws/install/autonomy_repo
[0.075s] -- Found ament_cmake: 1.3.5 (/opt/ros/humble/share/ament_cmake/cmake)
[0.208s] -- Override CMake install command with custom implementation using symlinks instead of copying resources
[0.218s] -- Found ament_lint_auto: 0.12.8 (/opt/ros/humble/share/ament_lint_auto/cmake)
[0.284s] -- Added test 'flake8' to check Python code syntax and style conventions
[0.285s] -- Added test 'lint_cmake' to check CMake code style
[0.285s] -- Added test 'pep257' to check Python code against some of the docstring style conventions in PEP 257
[0.286s] -- Added test 'xmllint' to check XML markup files
[0.287s] -- Configuring done
[0.291s] -- Generating done
[0.292s] -- Build files have been written to: /home/tanmay/autonomy_ws/build/autonomy_repo
[0.295s] Invoked command in '/home/tanmay/autonomy_ws/build/autonomy_repo' returned '0': CMAKE_PREFIX_PATH=${CMAKE_PREFIX_PATH}:/opt/ros/humble /usr/bin/cmake /home/tanmay/autonomy_ws/src/autonomy_repo -DAMENT_CMAKE_SYMLINK_INSTALL=1 -DCMAKE_INSTALL_PREFIX=/home/tanmay/autonomy_ws/install/autonomy_repo
[0.297s] Invoking command in '/home/tanmay/autonomy_ws/build/autonomy_repo': CMAKE_PREFIX_PATH=${CMAKE_PREFIX_PATH}:/opt/ros/humble /usr/bin/cmake --build /home/tanmay/autonomy_ws/build/autonomy_repo -- -j4 -l4
[0.348s] Invoked command in '/home/tanmay/autonomy_ws/build/autonomy_repo' returned '0': CMAKE_PREFIX_PATH=${CMAKE_PREFIX_PATH}:/opt/ros/humble /usr/bin/cmake --build /home/tanmay/autonomy_ws/build/autonomy_repo -- -j4 -l4
[0.387s] Invoking command in '/home/tanmay/autonomy_ws/build/autonomy_repo': CMAKE_PREFIX_PATH=${CMAKE_PREFIX_PATH}:/opt/ros/humble /usr/bin/cmake --install /home/tanmay/autonomy_ws/build/autonomy_repo
[0.396s] -- Install configuration: ""
[0.396s] -- Execute custom install script
[0.396s] -- Symlinking: /home/tanmay/autonomy_ws/install/autonomy_repo/lib/autonomy_repo/heading_controller.py
[0.407s] -- Symlinking: /home/tanmay/autonomy_ws/install/autonomy_repo/lib/autonomy_repo/p3_plot.py
[0.418s] -- Symlinking: /home/tanmay/autonomy_ws/install/autonomy_repo/share/autonomy_repo/launch/heading_control.launch.py
[0.429s] -- Symlinking: /home/tanmay/autonomy_ws/install/autonomy_repo/share/autonomy_repo/rviz/default.rviz
[0.441s] -- Symlinking: /home/tanmay/autonomy_ws/install/autonomy_repo/share/ament_index/resource_index/package_run_dependencies/autonomy_repo
[0.453s] -- Symlinking: /home/tanmay/autonomy_ws/install/autonomy_repo/share/ament_index/resource_index/parent_prefix_path/autonomy_repo
[0.464s] -- Symlinking: /home/tanmay/autonomy_ws/install/autonomy_repo/share/autonomy_repo/environment/ament_prefix_path.sh
[0.475s] -- Symlinking: /home/tanmay/autonomy_ws/install/autonomy_repo/share/autonomy_repo/environment/ament_prefix_path.dsv
[0.485s] -- Symlinking: /home/tanmay/autonomy_ws/install/autonomy_repo/share/autonomy_repo/environment/path.sh
[0.496s] -- Symlinking: /home/tanmay/autonomy_ws/install/autonomy_repo/share/autonomy_repo/environment/path.dsv
[0.507s] -- Symlinking: /home/tanmay/autonomy_ws/install/autonomy_repo/share/autonomy_repo/local_setup.bash
[0.518s] -- Symlinking: /home/tanmay/autonomy_ws/install/autonomy_repo/share/autonomy_repo/local_setup.sh
[0.529s] -- Symlinking: /home/tanmay/autonomy_ws/install/autonomy_repo/share/autonomy_repo/local_setup.zsh
[0.541s] -- Symlinking: /home/tanmay/autonomy_ws/install/autonomy_repo/share/autonomy_repo/local_setup.dsv
[0.552s] -- Symlinking: /home/tanmay/autonomy_ws/install/autonomy_repo/share/autonomy_repo/package.dsv
[0.564s] -- Symlinking: /home/tanmay/autonomy_ws/install/autonomy_repo/share/ament_index/resource_index/packages/autonomy_repo
[0.575s] -- Symlinking: /home/tanmay/autonomy_ws/install/autonomy_repo/share/autonomy_repo/cmake/autonomy_repoConfig.cmake
[0.585s] -- Symlinking: /home/tanmay/autonomy_ws/install/autonomy_repo/share/autonomy_repo/cmake/autonomy_repoConfig-version.cmake
[0.596s] -- Symlinking: /home/tanmay/autonomy_ws/install/autonomy_repo/share/autonomy_repo/package.xml
[0.609s] Invoked command in '/home/tanmay/autonomy_ws/build/autonomy_repo' returned '0': CMAKE_PREFIX_PATH=${CMAKE_PREFIX_PATH}:/opt/ros/humble /usr/bin/cmake --install /home/tanmay/autonomy_ws/build/autonomy_repo
