[0.040s] Invoking command in '/home/tanmay/autonomy_ws/build/autonomy_repo': CMAKE_PREFIX_PATH=${CMAKE_PREFIX_PATH}:/opt/ros/humble /usr/bin/cmake /home/tanmay/autonomy_ws/src/autonomy_repo -DCMAKE_INSTALL_PREFIX=/home/tanmay/autonomy_ws/install/autonomy_repo
[0.049s] -- Found ament_cmake: 1.3.5 (/opt/ros/humble/share/ament_cmake/cmake)
[0.128s] -- Override CMake install command with custom implementation using symlinks instead of copying resources
[0.132s] -- Found ament_lint_auto: 0.12.8 (/opt/ros/humble/share/ament_lint_auto/cmake)
[0.171s] -- Added test 'flake8' to check Python code syntax and style conventions
[0.171s] -- Added test 'lint_cmake' to check CMake code style
[0.171s] -- Added test 'pep257' to check Python code against some of the docstring style conventions in PEP 257
[0.172s] -- Added test 'xmllint' to check XML markup files
[0.172s] -- Configuring done
[0.174s] -- Generating done
[0.175s] -- Build files have been written to: /home/tanmay/autonomy_ws/build/autonomy_repo
[0.177s] Invoked command in '/home/tanmay/autonomy_ws/build/autonomy_repo' returned '0': CMAKE_PREFIX_PATH=${CMAKE_PREFIX_PATH}:/opt/ros/humble /usr/bin/cmake /home/tanmay/autonomy_ws/src/autonomy_repo -DCMAKE_INSTALL_PREFIX=/home/tanmay/autonomy_ws/install/autonomy_repo
[0.178s] Invoking command in '/home/tanmay/autonomy_ws/build/autonomy_repo': CMAKE_PREFIX_PATH=${CMAKE_PREFIX_PATH}:/opt/ros/humble /usr/bin/cmake --build /home/tanmay/autonomy_ws/build/autonomy_repo -- -j4 -l4
[0.206s] Invoked command in '/home/tanmay/autonomy_ws/build/autonomy_repo' returned '0': CMAKE_PREFIX_PATH=${CMAKE_PREFIX_PATH}:/opt/ros/humble /usr/bin/cmake --build /home/tanmay/autonomy_ws/build/autonomy_repo -- -j4 -l4
[0.231s] Invoking command in '/home/tanmay/autonomy_ws/build/autonomy_repo': CMAKE_PREFIX_PATH=${CMAKE_PREFIX_PATH}:/opt/ros/humble /usr/bin/cmake --install /home/tanmay/autonomy_ws/build/autonomy_repo
[0.237s] -- Install configuration: ""
[0.238s] -- Execute custom install script
[0.238s] -- Up-to-date symlink: /home/tanmay/autonomy_ws/install/autonomy_repo/lib/autonomy_repo/heading_controller.py
[0.238s] -- Up-to-date symlink: /home/tanmay/autonomy_ws/install/autonomy_repo/lib/autonomy_repo/p3_plot.py
[0.238s] -- Up-to-date symlink: /home/tanmay/autonomy_ws/install/autonomy_repo/share/autonomy_repo/launch/heading_control.launch.py
[0.238s] -- Symlinking: /home/tanmay/autonomy_ws/install/autonomy_repo/share/autonomy_repo/launch/navigator.launch.py
[0.245s] -- Up-to-date symlink: /home/tanmay/autonomy_ws/install/autonomy_repo/share/autonomy_repo/rviz/default.rviz
[0.245s] -- Up-to-date symlink: /home/tanmay/autonomy_ws/install/autonomy_repo/share/ament_index/resource_index/package_run_dependencies/autonomy_repo
[0.245s] -- Up-to-date symlink: /home/tanmay/autonomy_ws/install/autonomy_repo/share/ament_index/resource_index/parent_prefix_path/autonomy_repo
[0.245s] -- Up-to-date symlink: /home/tanmay/autonomy_ws/install/autonomy_repo/share/autonomy_repo/environment/ament_prefix_path.sh
[0.245s] -- Up-to-date symlink: /home/tanmay/autonomy_ws/install/autonomy_repo/share/autonomy_repo/environment/ament_prefix_path.dsv
[0.245s] -- Up-to-date symlink: /home/tanmay/autonomy_ws/install/autonomy_repo/share/autonomy_repo/environment/path.sh
[0.245s] -- Up-to-date symlink: /home/tanmay/autonomy_ws/install/autonomy_repo/share/autonomy_repo/environment/path.dsv
[0.246s] -- Up-to-date symlink: /home/tanmay/autonomy_ws/install/autonomy_repo/share/autonomy_repo/local_setup.bash
[0.246s] -- Up-to-date symlink: /home/tanmay/autonomy_ws/install/autonomy_repo/share/autonomy_repo/local_setup.sh
[0.246s] -- Up-to-date symlink: /home/tanmay/autonomy_ws/install/autonomy_repo/share/autonomy_repo/local_setup.zsh
[0.246s] -- Up-to-date symlink: /home/tanmay/autonomy_ws/install/autonomy_repo/share/autonomy_repo/local_setup.dsv
[0.246s] -- Symlinking: /home/tanmay/autonomy_ws/install/autonomy_repo/share/autonomy_repo/package.dsv
[0.253s] -- Up-to-date symlink: /home/tanmay/autonomy_ws/install/autonomy_repo/share/ament_index/resource_index/packages/autonomy_repo
[0.253s] -- Up-to-date symlink: /home/tanmay/autonomy_ws/install/autonomy_repo/share/autonomy_repo/cmake/autonomy_repoConfig.cmake
[0.253s] -- Up-to-date symlink: /home/tanmay/autonomy_ws/install/autonomy_repo/share/autonomy_repo/cmake/autonomy_repoConfig-version.cmake
[0.253s] -- Up-to-date symlink: /home/tanmay/autonomy_ws/install/autonomy_repo/share/autonomy_repo/package.xml
[0.254s] Invoked command in '/home/tanmay/autonomy_ws/build/autonomy_repo' returned '0': CMAKE_PREFIX_PATH=${CMAKE_PREFIX_PATH}:/opt/ros/humble /usr/bin/cmake --install /home/tanmay/autonomy_ws/build/autonomy_repo
