[0.037s] Invoking command in '/home/tanmay/autonomy_ws/build/autonomy_repo': CMAKE_PREFIX_PATH=${CMAKE_PREFIX_PATH}:/opt/ros/humble /usr/bin/cmake --build /home/tanmay/autonomy_ws/build/autonomy_repo -- -j4 -l4
[0.054s] -- Found ament_cmake: 1.3.5 (/opt/ros/humble/share/ament_cmake/cmake)
[0.134s] -- Override CMake install command with custom implementation using symlinks instead of copying resources
[0.142s] -- Found rclpy: 3.3.10 (/opt/ros/humble/share/rclpy/cmake)
[0.143s] -- Found asl_tb3_lib: 0.0.0 (/home/tanmay/tb_ws/install/asl_tb3_lib/share/asl_tb3_lib/cmake)
[0.145s] -- Found asl_tb3_msgs: 0.0.0 (/home/tanmay/tb_ws/install/asl_tb3_msgs/share/asl_tb3_msgs/cmake)
[0.184s] -- Found rosidl_generator_c: 3.1.5 (/opt/ros/humble/share/rosidl_generator_c/cmake)
[0.190s] -- Found rosidl_adapter: 3.1.5 (/opt/ros/humble/share/rosidl_adapter/cmake)
[0.198s] -- Found rosidl_generator_cpp: 3.1.5 (/opt/ros/humble/share/rosidl_generator_cpp/cmake)
[0.211s] -- Using all available rosidl_typesupport_c: rosidl_typesupport_fastrtps_c;rosidl_typesupport_introspection_c
[0.230s] -- Using all available rosidl_typesupport_cpp: rosidl_typesupport_fastrtps_cpp;rosidl_typesupport_introspection_cpp
[0.319s] -- Found ament_lint_auto: 0.12.8 (/opt/ros/humble/share/ament_lint_auto/cmake)
[0.359s] -- Added test 'flake8' to check Python code syntax and style conventions
[0.359s] -- Added test 'lint_cmake' to check CMake code style
[0.359s] -- Added test 'pep257' to check Python code against some of the docstring style conventions in PEP 257
[0.359s] -- Added test 'xmllint' to check XML markup files
[0.360s] -- Configuring done
[0.362s] -- Generating done
[0.363s] -- Build files have been written to: /home/tanmay/autonomy_ws/build/autonomy_repo
[0.381s] Invoked command in '/home/tanmay/autonomy_ws/build/autonomy_repo' returned '0': CMAKE_PREFIX_PATH=${CMAKE_PREFIX_PATH}:/opt/ros/humble /usr/bin/cmake --build /home/tanmay/autonomy_ws/build/autonomy_repo -- -j4 -l4
[0.404s] Invoking command in '/home/tanmay/autonomy_ws/build/autonomy_repo': CMAKE_PREFIX_PATH=${CMAKE_PREFIX_PATH}:/opt/ros/humble /usr/bin/cmake --install /home/tanmay/autonomy_ws/build/autonomy_repo
[0.410s] -- Install configuration: ""
[0.410s] -- Execute custom install script
[0.410s] -- Symlinking: /home/tanmay/autonomy_ws/install/autonomy_repo/lib/autonomy_repo/navigator.py
[0.417s] -- Up-to-date symlink: /home/tanmay/autonomy_ws/install/autonomy_repo/lib/autonomy_repo/heading_controller.py
[0.417s] -- Up-to-date symlink: /home/tanmay/autonomy_ws/install/autonomy_repo/lib/autonomy_repo/p3_plot.py
[0.417s] -- Up-to-date symlink: /home/tanmay/autonomy_ws/install/autonomy_repo/share/autonomy_repo/launch/heading_control.launch.py
[0.417s] -- Up-to-date symlink: /home/tanmay/autonomy_ws/install/autonomy_repo/share/autonomy_repo/launch/navigator.launch.py
[0.417s] -- Up-to-date symlink: /home/tanmay/autonomy_ws/install/autonomy_repo/share/autonomy_repo/rviz/default.rviz
[0.417s] -- Up-to-date symlink: /home/tanmay/autonomy_ws/install/autonomy_repo/share/ament_index/resource_index/package_run_dependencies/autonomy_repo
[0.417s] -- Up-to-date symlink: /home/tanmay/autonomy_ws/install/autonomy_repo/share/ament_index/resource_index/parent_prefix_path/autonomy_repo
[0.417s] -- Up-to-date symlink: /home/tanmay/autonomy_ws/install/autonomy_repo/share/autonomy_repo/environment/ament_prefix_path.sh
[0.417s] -- Up-to-date symlink: /home/tanmay/autonomy_ws/install/autonomy_repo/share/autonomy_repo/environment/ament_prefix_path.dsv
[0.418s] -- Up-to-date symlink: /home/tanmay/autonomy_ws/install/autonomy_repo/share/autonomy_repo/environment/path.sh
[0.418s] -- Up-to-date symlink: /home/tanmay/autonomy_ws/install/autonomy_repo/share/autonomy_repo/environment/path.dsv
[0.418s] -- Up-to-date symlink: /home/tanmay/autonomy_ws/install/autonomy_repo/share/autonomy_repo/local_setup.bash
[0.418s] -- Up-to-date symlink: /home/tanmay/autonomy_ws/install/autonomy_repo/share/autonomy_repo/local_setup.sh
[0.418s] -- Up-to-date symlink: /home/tanmay/autonomy_ws/install/autonomy_repo/share/autonomy_repo/local_setup.zsh
[0.418s] -- Up-to-date symlink: /home/tanmay/autonomy_ws/install/autonomy_repo/share/autonomy_repo/local_setup.dsv
[0.418s] -- Symlinking: /home/tanmay/autonomy_ws/install/autonomy_repo/share/autonomy_repo/package.dsv
[0.425s] -- Up-to-date symlink: /home/tanmay/autonomy_ws/install/autonomy_repo/share/ament_index/resource_index/packages/autonomy_repo
[0.425s] -- Up-to-date symlink: /home/tanmay/autonomy_ws/install/autonomy_repo/share/autonomy_repo/cmake/autonomy_repoConfig.cmake
[0.425s] -- Up-to-date symlink: /home/tanmay/autonomy_ws/install/autonomy_repo/share/autonomy_repo/cmake/autonomy_repoConfig-version.cmake
[0.425s] -- Up-to-date symlink: /home/tanmay/autonomy_ws/install/autonomy_repo/share/autonomy_repo/package.xml
[0.426s] Invoked command in '/home/tanmay/autonomy_ws/build/autonomy_repo' returned '0': CMAKE_PREFIX_PATH=${CMAKE_PREFIX_PATH}:/opt/ros/humble /usr/bin/cmake --install /home/tanmay/autonomy_ws/build/autonomy_repo
